<?xml version="1.0" encoding="UTF-8"?>
<testsuite name="ua.food_delivery.exception.InvalidDataExceptionTest" tests="2" skipped="0" failures="0" errors="0" timestamp="2025-10-15T21:58:17.479Z" hostname="DESKTOP-13PE41B" time="0.018">
  <properties/>
  <testcase name="testMessageAndCauseConstructor()" classname="ua.food_delivery.exception.InvalidDataExceptionTest" time="0.016"/>
  <testcase name="testMessageConstructor()" classname="ua.food_delivery.exception.InvalidDataExceptionTest" time="0.001"/>
  <system-out><![CDATA[]]></system-out>
  <system-err><![CDATA[]]></system-err>
</testsuite>
