<?xml version="1.0" encoding="UTF-8"?>
<testsuite name="ua.food_delivery.util.FileReaderUtilTest" tests="3" skipped="0" failures="0" errors="0" timestamp="2025-10-15T21:58:17.556Z" hostname="DESKTOP-13PE41B" time="0.023">
  <properties/>
  <testcase name="testReadMenuItemsFromMissingFileThrows()" classname="ua.food_delivery.util.FileReaderUtilTest" time="0.018"/>
  <testcase name="testReadCustomersFromMissingFileThrows()" classname="ua.food_delivery.util.FileReaderUtilTest" time="0.002"/>
  <testcase name="testReadRestaurantsFromMissingFileThrows()" classname="ua.food_delivery.util.FileReaderUtilTest" time="0.002"/>
  <system-out><![CDATA[]]></system-out>
  <system-err><![CDATA[окт. 16, 2025 12:58:17 AM ua.food_delivery.util.FileReaderUtil readMenuItemsFromFile
INFO: Finished reading menu items file.
окт. 16, 2025 12:58:17 AM ua.food_delivery.util.FileReaderUtil readCustomersFromFile
INFO: Finished reading customers file.
окт. 16, 2025 12:58:17 AM ua.food_delivery.util.FileReaderUtil readRestaurantsFromFile
INFO: Finished reading restaurants file.
]]></system-err>
</testsuite>
