<?xml version="1.0" encoding="UTF-8"?>
<testsuite name="ua.food_delivery.model.CustomerTest" tests="3" skipped="0" failures="0" errors="0" timestamp="2025-10-15T21:58:17.501Z" hostname="DESKTOP-13PE41B" time="0.005">
  <properties/>
  <testcase name="testInvalidAddressThrowsException()" classname="ua.food_delivery.model.CustomerTest" time="0.002"/>
  <testcase name="testInvalidNameThrowsException()" classname="ua.food_delivery.model.CustomerTest" time="0.001"/>
  <testcase name="testValidCustomer()" classname="ua.food_delivery.model.CustomerTest" time="0.001"/>
  <system-out><![CDATA[]]></system-out>
  <system-err><![CDATA[]]></system-err>
</testsuite>
